2025-05-09 06:02:53,512 — INFO — Starting holiday impact analysis
2025-05-09 06:02:54,685 — INFO — Spark session started
2025-05-09 06:02:56,460 — INFO — Loaded features with 190 rows
2025-05-09 06:02:56,620 — INFO — Loaded 24 holiday rows
2025-05-09 06:02:56,867 — INFO — ✅ Holiday-wise sales impact written to: output/seasonality/holiday_impact
2025-05-09 06:02:56,867 — INFO — Closing down clientserver connection
2025-05-09 06:04:13,766 — INFO — Starting holiday impact analysis
2025-05-09 06:04:14,957 — INFO — Spark session started
2025-05-09 06:04:16,766 — INFO — Loaded features with 190 rows
2025-05-09 06:04:17,033 — INFO — Loaded holidays with 24 rows
2025-05-09 06:04:17,360 — INFO — Joined dataset has 190 rows
2025-05-09 06:04:17,562 — INFO — Non-null holiday matches: 0
2025-05-09 06:04:17,781 — INFO — ✅ Holiday-wise sales impact written to: output/seasonality/holiday_impact
2025-05-09 06:04:17,781 — INFO — Closing down clientserver connection
2025-05-09 06:10:04,298 — INFO — Starting holiday impact analysis
2025-05-09 06:10:05,471 — INFO — Spark session started
2025-05-09 06:10:07,269 — INFO — Loaded features with 190 rows
2025-05-09 06:10:07,476 — INFO — Closing down clientserver connection
2025-05-09 06:13:42,231 — INFO — Starting holiday impact analysis
2025-05-09 06:13:43,402 — INFO — Spark session started
2025-05-09 06:13:45,209 — INFO — Loaded features with 190 rows
2025-05-09 06:13:45,484 — INFO — Loaded holidays with 24 rows
2025-05-09 06:13:45,814 — INFO — Joined dataset has 263 rows
2025-05-09 06:13:46,022 — INFO — Non-null holiday matches: 10
2025-05-09 06:13:46,443 — INFO — ✅ Holiday-wise sales impact written to: output/seasonality/holiday_impact
2025-05-09 06:13:46,443 — INFO — Closing down clientserver connection
2025-05-09 06:28:30,489 — INFO — Starting holiday impact analysis
2025-05-09 06:28:31,770 — INFO — Spark session started
2025-05-09 06:28:33,552 — INFO — Loaded features with 190 rows
2025-05-09 06:28:33,825 — INFO — Loaded holidays with 24 rows
2025-05-09 06:28:34,161 — INFO — Joined dataset has 263 rows
2025-05-09 06:28:34,401 — INFO — Non-null holiday matches: 10
2025-05-09 06:28:34,824 — INFO — ✅ Holiday-wise sales impact written to: output/seasonality/holiday_impact
2025-05-09 06:28:34,824 — INFO — Closing down clientserver connection
